<?xml version="1.0" encoding="UTF-8"?>
<!-- Generated by org.testng.reporters.JUnitReportReporter -->
<testsuite hostname="Collaberas-MacBook-Pro.local" failures="0" tests="3" name="capstone_TestScenarios.TestScenarios_AndroidPhone" time="63.334" errors="0" timestamp="2023-05-15T16:27:55 PST" skipped="0">
  <testcase classname="capstone_TestScenarios.TestScenarios_AndroidPhone" name="Fin_01" time="21.406"/>
  <system-out/>
  <testcase classname="capstone_TestScenarios.TestScenarios_AndroidPhone" name="Fin_02" time="12.213"/>
  <system-out/>
  <testcase classname="capstone_TestScenarios.TestScenarios_AndroidPhone" name="Fin_03" time="29.715"/>
  <system-out/>
</testsuite> <!-- capstone_TestScenarios.TestScenarios_AndroidPhone -->
