<?xml version="1.0" encoding="UTF-8"?>
<!-- Generated by org.testng.reporters.JUnitReportReporter -->
<testsuite hostname="Collaberas-MacBook-Pro.local" failures="0" tests="6" name="capstone_TestScenarios.TestScenarios_AndroidPhone" time="63.110" errors="0" timestamp="2023-05-12T13:44:56 PST" skipped="0">
  <testcase classname="capstone_TestScenarios.TestScenarios_AndroidPhone" name="validateLoanAndEmi" time="0.448"/>
  <system-out/>
  <testcase classname="capstone_TestScenarios.TestScenarios_AndroidPhone" name="optionsDisplayed" time="20.054"/>
  <system-out/>
  <testcase classname="capstone_TestScenarios.TestScenarios_AndroidPhone" name="optionPrint" time="1.133"/>
  <system-out/>
  <testcase classname="capstone_TestScenarios.TestScenarios_AndroidPhone" name="loanBasic" time="6.817"/>
  <system-out/>
  <testcase classname="capstone_TestScenarios.TestScenarios_AndroidPhone" name="calculate" time="4.366"/>
  <system-out/>
  <testcase classname="capstone_TestScenarios.TestScenarios_AndroidPhone" name="vihicleLoanValidation" time="30.292"/>
  <system-out/>
</testsuite> <!-- capstone_TestScenarios.TestScenarios_AndroidPhone -->
