<?xml version="1.0" encoding="UTF-8"?>
<!-- Generated by org.testng.reporters.JUnitReportReporter -->
<testsuite hostname="Collaberas-MacBook-Pro.local" failures="0" tests="17" name="capstone_TestScenarios.TestScenarios_IOSPhone" time="108.362" errors="1" timestamp="2023-05-18T09:31:25 PST" skipped="0">
  <testcase classname="capstone_TestScenarios.TestScenarios_IOSPhone" name="closeDriver" time="0.098">
    <error type="java.lang.NullPointerException">
      <![CDATA[java.lang.NullPointerException
at capstone_TestScenarios.TestScenarios_IOSPhone.closeDriver(TestScenarios_IOSPhone.java:128)
at java.base/jdk.internal.reflect.NativeMethodAccessorImpl.invoke0(Native Method)
at java.base/jdk.internal.reflect.NativeMethodAccessorImpl.invoke(NativeMethodAccessorImpl.java:62)
at java.base/jdk.internal.reflect.DelegatingMethodAccessorImpl.invoke(DelegatingMethodAccessorImpl.java:43)
at java.base/java.lang.reflect.Method.invoke(Method.java:566)
at org.testng.internal.invokers.MethodInvocationHelper.invokeMethod(MethodInvocationHelper.java:139)
at org.testng.internal.invokers.MethodInvocationHelper.invokeMethodConsideringTimeout(MethodInvocationHelper.java:69)
at org.testng.internal.invokers.ConfigInvoker.invokeConfigurationMethod(ConfigInvoker.java:361)
at org.testng.internal.invokers.ConfigInvoker.invokeConfigurations(ConfigInvoker.java:296)
at org.testng.SuiteRunner.privateRun(SuiteRunner.java:404)
at org.testng.SuiteRunner.run(SuiteRunner.java:330)
at org.testng.SuiteRunnerWorker.runSuite(SuiteRunnerWorker.java:52)
at org.testng.SuiteRunnerWorker.run(SuiteRunnerWorker.java:95)
at org.testng.TestNG.runSuitesSequentially(TestNG.java:1256)
at org.testng.TestNG.runSuitesLocally(TestNG.java:1176)
at org.testng.TestNG.runSuites(TestNG.java:1099)
at org.testng.TestNG.run(TestNG.java:1067)
at org.testng.remote.AbstractRemoteTestNG.run(AbstractRemoteTestNG.java:115)
at org.testng.remote.RemoteTestNG.initAndRun(RemoteTestNG.java:251)
at org.testng.remote.RemoteTestNG.main(RemoteTestNG.java:77)
]]>
    </error>
  </testcase> <!-- closeDriver -->
  <system-out/>
  <testcase classname="capstone_TestScenarios.TestScenarios_IOSPhone" name="UI_01" time="3.400"/>
  <system-out/>
  <testcase classname="capstone_TestScenarios.TestScenarios_IOSPhone" name="UI_02" time="1.286"/>
  <system-out/>
  <testcase classname="capstone_TestScenarios.TestScenarios_IOSPhone" name="UI_03" time="26.100"/>
  <system-out>
    <![CDATA[validation failed: Date and year picker is disabled]]>
  </system-out>
  <testcase classname="capstone_TestScenarios.TestScenarios_IOSPhone" name="UI_04" time="2.449"/>
  <system-out>
    <![CDATA[validation passed: image is displayed]]>
  </system-out>
  <testcase classname="capstone_TestScenarios.TestScenarios_IOSPhone" name="UI_05" time="3.029"/>
  <system-out/>
  <testcase classname="capstone_TestScenarios.TestScenarios_IOSPhone" name="UI_06" time="4.470"/>
  <system-out>
    <![CDATA[validation passed: color changed]]>
  </system-out>
  <testcase classname="capstone_TestScenarios.TestScenarios_IOSPhone" name="UI_07" time="7.622"/>
  <system-out>
    <![CDATA[validation passed: progress has incread over time.]]>
  </system-out>
  <testcase classname="capstone_TestScenarios.TestScenarios_IOSPhone" name="UI_08" time="8.672"/>
  <system-out/>
  <testcase classname="capstone_TestScenarios.TestScenarios_IOSPhone" name="UI_09" time="5.301"/>
  <system-out/>
  <testcase classname="capstone_TestScenarios.TestScenarios_IOSPhone" name="UI_10" time="4.972"/>
  <system-out/>
  <testcase classname="capstone_TestScenarios.TestScenarios_IOSPhone" name="UI_11" time="3.932"/>
  <system-out>
    <![CDATA[validation passed: further details is displayed/present]]>
  </system-out>
  <testcase classname="capstone_TestScenarios.TestScenarios_IOSPhone" name="UI_12" time="2.529"/>
  <system-out/>
  <testcase classname="capstone_TestScenarios.TestScenarios_IOSPhone" name="UI_13" time="18.201"/>
  <system-out/>
  <testcase classname="capstone_TestScenarios.TestScenarios_IOSPhone" name="UI_14" time="5.199"/>
  <system-out/>
  <testcase classname="capstone_TestScenarios.TestScenarios_IOSPhone" name="UI_15" time="5.226"/>
  <system-out>
    <![CDATA[validation passed: HTML content found]]>
  </system-out>
  <testcase classname="capstone_TestScenarios.TestScenarios_IOSPhone" name="UI_16" time="5.876"/>
  <system-out>
    <![CDATA[validation passed: alertbox found
validation passed: title contails A Short Title Is Best]]>
  </system-out>
</testsuite> <!-- capstone_TestScenarios.TestScenarios_IOSPhone -->
