<?xml version="1.0" encoding="UTF-8"?>
<!-- Generated by org.testng.reporters.JUnitReportReporter -->
<testsuite hostname="Collaberas-MacBook-Pro.local" failures="0" tests="6" name="capstone_TestScenarios.TestScenarios_Capstone" time="61.979" errors="0" timestamp="2023-05-11T08:42:17 PST" skipped="0">
  <testcase classname="capstone_TestScenarios.TestScenarios_Capstone" name="validateLoanAndEmi" time="1.308"/>
  <system-out/>
  <testcase classname="capstone_TestScenarios.TestScenarios_Capstone" name="optionsDisplayed" time="20.041"/>
  <system-out/>
  <testcase classname="capstone_TestScenarios.TestScenarios_Capstone" name="optionPrint" time="1.091"/>
  <system-out/>
  <testcase classname="capstone_TestScenarios.TestScenarios_Capstone" name="loanBasic" time="6.740"/>
  <system-out/>
  <testcase classname="capstone_TestScenarios.TestScenarios_Capstone" name="calculate" time="4.326"/>
  <system-out/>
  <testcase classname="capstone_TestScenarios.TestScenarios_Capstone" name="vihicleLoanValidation" time="28.473"/>
  <system-out/>
</testsuite> <!-- capstone_TestScenarios.TestScenarios_Capstone -->
