<?xml version="1.0" encoding="UTF-8"?>
<!-- Generated by org.testng.reporters.JUnitReportReporter -->
<testsuite hostname="Collaberas-MacBook-Pro.local" failures="0" tests="3" name="capstone_TestScenarios.TestScenarios_AndroidPhone" time="67.774" errors="0" timestamp="2023-05-17T19:53:27 PST" skipped="0">
  <testcase classname="capstone_TestScenarios.TestScenarios_AndroidPhone" name="Fin_01" time="21.826"/>
  <system-out/>
  <testcase classname="capstone_TestScenarios.TestScenarios_AndroidPhone" name="Fin_02" time="13.574"/>
  <system-out/>
  <testcase classname="capstone_TestScenarios.TestScenarios_AndroidPhone" name="Fin_03" time="32.374"/>
  <system-out/>
</testsuite> <!-- capstone_TestScenarios.TestScenarios_AndroidPhone -->
