<?xml version="1.0" encoding="UTF-8"?>
<!-- Generated by org.testng.reporters.JUnitReportReporter -->
<testsuite hostname="Collaberas-MacBook-Pro.local" failures="0" tests="3" name="capstone_TestScenarios.TestScenarios_AndroidTablet" time="63.191" errors="0" timestamp="2023-05-15T09:10:56 PST" skipped="0">
  <testcase classname="capstone_TestScenarios.TestScenarios_AndroidTablet" name="Fin_01" time="21.218"/>
  <system-out/>
  <testcase classname="capstone_TestScenarios.TestScenarios_AndroidTablet" name="Fin_02" time="12.392"/>
  <system-out/>
  <testcase classname="capstone_TestScenarios.TestScenarios_AndroidTablet" name="Fin_03" time="29.581"/>
  <system-out/>
</testsuite> <!-- capstone_TestScenarios.TestScenarios_AndroidTablet -->
