<?xml version="1.0" encoding="UTF-8"?>
<!-- Generated by org.testng.reporters.JUnitReportReporter -->
<testsuite hostname="Collaberas-MacBook-Pro.local" failures="0" tests="3" name="capstone_TestScenarios.TestScenarios_AndroidTablet" time="66.632" errors="0" timestamp="2023-05-18T09:21:23 PST" skipped="0">
  <testcase classname="capstone_TestScenarios.TestScenarios_AndroidTablet" name="Fin_01" time="21.370"/>
  <system-out/>
  <testcase classname="capstone_TestScenarios.TestScenarios_AndroidTablet" name="Fin_02" time="12.744"/>
  <system-out/>
  <testcase classname="capstone_TestScenarios.TestScenarios_AndroidTablet" name="Fin_03" time="32.518"/>
  <system-out/>
</testsuite> <!-- capstone_TestScenarios.TestScenarios_AndroidTablet -->
