<?xml version="1.0" encoding="UTF-8"?>
<!-- Generated by org.testng.reporters.JUnitReportReporter -->
<testsuite hostname="Collaberas-MacBook-Pro.local" failures="0" tests="6" name="capstone_TestScenarios.TestScenarios_AndroidTablet" time="61.250" errors="0" timestamp="2023-05-11T14:16:54 PST" skipped="0">
  <testcase classname="capstone_TestScenarios.TestScenarios_AndroidTablet" name="validateLoanAndEmi" time="1.229"/>
  <system-out/>
  <testcase classname="capstone_TestScenarios.TestScenarios_AndroidTablet" name="optionsDisplayed" time="20.083"/>
  <system-out/>
  <testcase classname="capstone_TestScenarios.TestScenarios_AndroidTablet" name="optionPrint" time="1.097"/>
  <system-out/>
  <testcase classname="capstone_TestScenarios.TestScenarios_AndroidTablet" name="loanBasic" time="6.156"/>
  <system-out/>
  <testcase classname="capstone_TestScenarios.TestScenarios_AndroidTablet" name="calculate" time="4.141"/>
  <system-out/>
  <testcase classname="capstone_TestScenarios.TestScenarios_AndroidTablet" name="vihicleLoanValidation" time="28.544"/>
  <system-out/>
</testsuite> <!-- capstone_TestScenarios.TestScenarios_AndroidTablet -->
